
*** Running vivado
    with args -log top.vds -m64 -product Vivado -mode batch -messageDb vivado.pb -notrace -source top.tcl



****** Vivado v2022.2 (64-bit)
  **** SW Build 3671981 on Fri Oct 14 05:00:03 MDT 2022
  **** IP Build 3669848 on Fri Oct 14 08:30:02 MDT 2022
    ** Copyright 1986-2022 Xilinx, Inc. All Rights Reserved.

source top.tcl -notrace
create_project: Time (s): cpu = 00:00:12 ; elapsed = 00:00:14 . Memory (MB): peak = 416.230 ; gain = 88.723
Command: synth_design -top top -part xc7a100tcsg324-1
Starting synth_design
Attempting to get a license for feature 'Synthesis' and/or device 'xc7a100t'
INFO: [Common 17-349] Got license for feature 'Synthesis' and/or device 'xc7a100t'
INFO: [Device 21-403] Loading part xc7a100tcsg324-1
INFO: [Synth 8-7079] Multithreading enabled for synth_design using a maximum of 2 processes.
INFO: [Synth 8-7078] Launching helper process for spawning children vivado processes
INFO: [Synth 8-7075] Helper process launched with PID 27964
INFO: [Synth 8-11241] undeclared symbol 'REGCCE', assumed default net type 'wire' [D:/Xilinx/Vivado/2022.2/data/verilog/src/unimacro/BRAM_SINGLE_MACRO.v:2170]
---------------------------------------------------------------------------------
Starting RTL Elaboration : Time (s): cpu = 00:00:08 ; elapsed = 00:00:10 . Memory (MB): peak = 1238.789 ; gain = 408.410
---------------------------------------------------------------------------------
INFO: [Synth 8-6157] synthesizing module 'top' [D:/KULIAH/SEMESTER 4/Praktikum/SDL Kel 57_ Shift 08/Responsi_FSM_Moore/Responsi_FSM_Moore.srcs/sources_1/new/top.v:1]
INFO: [Synth 8-6157] synthesizing module 'debouncer' [D:/KULIAH/SEMESTER 4/Praktikum/SDL Kel 57_ Shift 08/Responsi_FSM_Moore/Responsi_FSM_Moore.srcs/sources_1/new/debouncer.v:1]
INFO: [Synth 8-6155] done synthesizing module 'debouncer' (0#1) [D:/KULIAH/SEMESTER 4/Praktikum/SDL Kel 57_ Shift 08/Responsi_FSM_Moore/Responsi_FSM_Moore.srcs/sources_1/new/debouncer.v:1]
INFO: [Synth 8-6157] synthesizing module 'clock_divider_1s' [D:/KULIAH/SEMESTER 4/Praktikum/SDL Kel 57_ Shift 08/Responsi_FSM_Moore/Responsi_FSM_Moore.srcs/sources_1/new/clock_divider_1s.v:1]
INFO: [Synth 8-6155] done synthesizing module 'clock_divider_1s' (0#1) [D:/KULIAH/SEMESTER 4/Praktikum/SDL Kel 57_ Shift 08/Responsi_FSM_Moore/Responsi_FSM_Moore.srcs/sources_1/new/clock_divider_1s.v:1]
INFO: [Synth 8-6157] synthesizing module 'fsm_moore' [D:/KULIAH/SEMESTER 4/Praktikum/SDL Kel 57_ Shift 08/Responsi_FSM_Moore/Responsi_FSM_Moore.srcs/sources_1/new/fsm_moore.v:1]
INFO: [Synth 8-226] default block is never used [D:/KULIAH/SEMESTER 4/Praktikum/SDL Kel 57_ Shift 08/Responsi_FSM_Moore/Responsi_FSM_Moore.srcs/sources_1/new/fsm_moore.v:31]
INFO: [Synth 8-226] default block is never used [D:/KULIAH/SEMESTER 4/Praktikum/SDL Kel 57_ Shift 08/Responsi_FSM_Moore/Responsi_FSM_Moore.srcs/sources_1/new/fsm_moore.v:66]
INFO: [Synth 8-6155] done synthesizing module 'fsm_moore' (0#1) [D:/KULIAH/SEMESTER 4/Praktikum/SDL Kel 57_ Shift 08/Responsi_FSM_Moore/Responsi_FSM_Moore.srcs/sources_1/new/fsm_moore.v:1]
INFO: [Synth 8-6157] synthesizing module 'display' [D:/KULIAH/SEMESTER 4/Praktikum/SDL Kel 57_ Shift 08/Responsi_FSM_Moore/Responsi_FSM_Moore.srcs/sources_1/new/display.v:1]
INFO: [Synth 8-226] default block is never used [D:/KULIAH/SEMESTER 4/Praktikum/SDL Kel 57_ Shift 08/Responsi_FSM_Moore/Responsi_FSM_Moore.srcs/sources_1/new/display.v:31]
INFO: [Synth 8-6155] done synthesizing module 'display' (0#1) [D:/KULIAH/SEMESTER 4/Praktikum/SDL Kel 57_ Shift 08/Responsi_FSM_Moore/Responsi_FSM_Moore.srcs/sources_1/new/display.v:1]
INFO: [Synth 8-6155] done synthesizing module 'top' (0#1) [D:/KULIAH/SEMESTER 4/Praktikum/SDL Kel 57_ Shift 08/Responsi_FSM_Moore/Responsi_FSM_Moore.srcs/sources_1/new/top.v:1]
WARNING: [Synth 8-6014] Unused sequential element btn_prev_reg was removed.  [D:/KULIAH/SEMESTER 4/Praktikum/SDL Kel 57_ Shift 08/Responsi_FSM_Moore/Responsi_FSM_Moore.srcs/sources_1/new/debouncer.v:29]
---------------------------------------------------------------------------------
Finished RTL Elaboration : Time (s): cpu = 00:00:10 ; elapsed = 00:00:13 . Memory (MB): peak = 1328.543 ; gain = 498.164
---------------------------------------------------------------------------------
---------------------------------------------------------------------------------
Start Handling Custom Attributes
---------------------------------------------------------------------------------
---------------------------------------------------------------------------------
Finished Handling Custom Attributes : Time (s): cpu = 00:00:10 ; elapsed = 00:00:13 . Memory (MB): peak = 1328.543 ; gain = 498.164
---------------------------------------------------------------------------------
---------------------------------------------------------------------------------
Finished RTL Optimization Phase 1 : Time (s): cpu = 00:00:10 ; elapsed = 00:00:13 . Memory (MB): peak = 1328.543 ; gain = 498.164
---------------------------------------------------------------------------------
Netlist sorting complete. Time (s): cpu = 00:00:00 ; elapsed = 00:00:00.002 . Memory (MB): peak = 1328.543 ; gain = 0.000
INFO: [Project 1-570] Preparing netlist for logic optimization

Processing XDC Constraints
Initializing timing engine
Parsing XDC File [D:/KULIAH/SEMESTER 4/Praktikum/SDL Kel 57_ Shift 08/Responsi_FSM_Moore/Responsi_FSM_Moore.srcs/constrs_1/new/Constarint.xdc]
Finished Parsing XDC File [D:/KULIAH/SEMESTER 4/Praktikum/SDL Kel 57_ Shift 08/Responsi_FSM_Moore/Responsi_FSM_Moore.srcs/constrs_1/new/Constarint.xdc]
INFO: [Project 1-236] Implementation specific constraints were found while reading constraint file [D:/KULIAH/SEMESTER 4/Praktikum/SDL Kel 57_ Shift 08/Responsi_FSM_Moore/Responsi_FSM_Moore.srcs/constrs_1/new/Constarint.xdc]. These constraints will be ignored for synthesis but will be used in implementation. Impacted constraints are listed in the file [.Xil/top_propImpl.xdc].
Resolution: To avoid this warning, move constraints listed in [.Xil/top_propImpl.xdc] to another XDC file and exclude this new file from synthesis with the used_in_synthesis property (File Properties dialog in GUI) and re-run elaboration/synthesis.
Completed Processing XDC Constraints

Netlist sorting complete. Time (s): cpu = 00:00:00 ; elapsed = 00:00:00 . Memory (MB): peak = 1427.246 ; gain = 0.000
INFO: [Project 1-111] Unisim Transformation Summary:
No Unisim elements were transformed.

Constraint Validation Runtime : Time (s): cpu = 00:00:00 ; elapsed = 00:00:00.007 . Memory (MB): peak = 1427.246 ; gain = 0.000
INFO: [Synth 8-11241] undeclared symbol 'REGCCE', assumed default net type 'wire' [D:/Xilinx/Vivado/2022.2/data/verilog/src/unimacro/BRAM_SINGLE_MACRO.v:2170]
---------------------------------------------------------------------------------
Finished Constraint Validation : Time (s): cpu = 00:00:26 ; elapsed = 00:00:35 . Memory (MB): peak = 1427.246 ; gain = 596.867
---------------------------------------------------------------------------------
---------------------------------------------------------------------------------
Start Loading Part and Timing Information
---------------------------------------------------------------------------------
Loading part: xc7a100tcsg324-1
---------------------------------------------------------------------------------
Finished Loading Part and Timing Information : Time (s): cpu = 00:00:26 ; elapsed = 00:00:35 . Memory (MB): peak = 1427.246 ; gain = 596.867
---------------------------------------------------------------------------------
---------------------------------------------------------------------------------
Start Applying 'set_property' XDC Constraints
---------------------------------------------------------------------------------
---------------------------------------------------------------------------------
Finished applying 'set_property' XDC Constraints : Time (s): cpu = 00:00:26 ; elapsed = 00:00:35 . Memory (MB): peak = 1427.246 ; gain = 596.867
---------------------------------------------------------------------------------
INFO: [Synth 8-802] inferred FSM for state register 'curr_reg' in module 'fsm_moore'
---------------------------------------------------------------------------------------------------
                   State |                     New Encoding |                Previous Encoding 
---------------------------------------------------------------------------------------------------
                      S0 |                               00 |                               00
                      S1 |                               01 |                               01
                      S2 |                               10 |                               10
                      S3 |                               11 |                               11
---------------------------------------------------------------------------------------------------
INFO: [Synth 8-3354] encoded FSM with state register 'curr_reg' using encoding 'sequential' in module 'fsm_moore'
---------------------------------------------------------------------------------
Finished RTL Optimization Phase 2 : Time (s): cpu = 00:00:26 ; elapsed = 00:00:36 . Memory (MB): peak = 1427.246 ; gain = 596.867
---------------------------------------------------------------------------------
---------------------------------------------------------------------------------
Start RTL Component Statistics 
---------------------------------------------------------------------------------
Detailed RTL Component Info : 
+---Registers : 
	                1 Bit    Registers := 7     
+---Muxes : 
	   4 Input    2 Bit        Muxes := 1     
	   2 Input    2 Bit        Muxes := 4     
	   4 Input    1 Bit        Muxes := 1     
---------------------------------------------------------------------------------
Finished RTL Component Statistics 
---------------------------------------------------------------------------------
---------------------------------------------------------------------------------
Start Part Resource Summary
---------------------------------------------------------------------------------
Part Resources:
DSPs: 240 (col length:80)
BRAMs: 270 (col length: RAMB18 80 RAMB36 40)
---------------------------------------------------------------------------------
Finished Part Resource Summary
---------------------------------------------------------------------------------
---------------------------------------------------------------------------------
Start Cross Boundary and Area Optimization
---------------------------------------------------------------------------------
WARNING: [Synth 8-7080] Parallel synthesis criteria is not met
---------------------------------------------------------------------------------
Finished Cross Boundary and Area Optimization : Time (s): cpu = 00:00:30 ; elapsed = 00:00:41 . Memory (MB): peak = 1427.246 ; gain = 596.867
---------------------------------------------------------------------------------
---------------------------------------------------------------------------------
Start Applying XDC Timing Constraints
---------------------------------------------------------------------------------
---------------------------------------------------------------------------------
Finished Applying XDC Timing Constraints : Time (s): cpu = 00:00:42 ; elapsed = 00:00:54 . Memory (MB): peak = 1427.246 ; gain = 596.867
---------------------------------------------------------------------------------
---------------------------------------------------------------------------------
Start Timing Optimization
---------------------------------------------------------------------------------
---------------------------------------------------------------------------------
Finished Timing Optimization : Time (s): cpu = 00:00:43 ; elapsed = 00:00:55 . Memory (MB): peak = 1427.246 ; gain = 596.867
---------------------------------------------------------------------------------
---------------------------------------------------------------------------------
Start Technology Mapping
---------------------------------------------------------------------------------
---------------------------------------------------------------------------------
Finished Technology Mapping : Time (s): cpu = 00:00:43 ; elapsed = 00:00:55 . Memory (MB): peak = 1427.246 ; gain = 596.867
---------------------------------------------------------------------------------
---------------------------------------------------------------------------------
Start IO Insertion
---------------------------------------------------------------------------------
---------------------------------------------------------------------------------
Start Flattening Before IO Insertion
---------------------------------------------------------------------------------
---------------------------------------------------------------------------------
Finished Flattening Before IO Insertion
---------------------------------------------------------------------------------
---------------------------------------------------------------------------------
Start Final Netlist Cleanup
---------------------------------------------------------------------------------
---------------------------------------------------------------------------------
Finished Final Netlist Cleanup
---------------------------------------------------------------------------------
---------------------------------------------------------------------------------
Finished IO Insertion : Time (s): cpu = 00:00:51 ; elapsed = 00:01:04 . Memory (MB): peak = 1427.246 ; gain = 596.867
---------------------------------------------------------------------------------
---------------------------------------------------------------------------------
Start Renaming Generated Instances
---------------------------------------------------------------------------------
---------------------------------------------------------------------------------
Finished Renaming Generated Instances : Time (s): cpu = 00:00:51 ; elapsed = 00:01:04 . Memory (MB): peak = 1427.246 ; gain = 596.867
---------------------------------------------------------------------------------
---------------------------------------------------------------------------------
Start Rebuilding User Hierarchy
---------------------------------------------------------------------------------
---------------------------------------------------------------------------------
Finished Rebuilding User Hierarchy : Time (s): cpu = 00:00:51 ; elapsed = 00:01:04 . Memory (MB): peak = 1427.246 ; gain = 596.867
---------------------------------------------------------------------------------
---------------------------------------------------------------------------------
Start Renaming Generated Ports
---------------------------------------------------------------------------------
---------------------------------------------------------------------------------
Finished Renaming Generated Ports : Time (s): cpu = 00:00:51 ; elapsed = 00:01:04 . Memory (MB): peak = 1427.246 ; gain = 596.867
---------------------------------------------------------------------------------
---------------------------------------------------------------------------------
Start Handling Custom Attributes
---------------------------------------------------------------------------------
---------------------------------------------------------------------------------
Finished Handling Custom Attributes : Time (s): cpu = 00:00:51 ; elapsed = 00:01:04 . Memory (MB): peak = 1427.246 ; gain = 596.867
---------------------------------------------------------------------------------
---------------------------------------------------------------------------------
Start Renaming Generated Nets
---------------------------------------------------------------------------------
---------------------------------------------------------------------------------
Finished Renaming Generated Nets : Time (s): cpu = 00:00:51 ; elapsed = 00:01:04 . Memory (MB): peak = 1427.246 ; gain = 596.867
---------------------------------------------------------------------------------
---------------------------------------------------------------------------------
Start Writing Synthesis Report
---------------------------------------------------------------------------------

Report BlackBoxes: 
+-+--------------+----------+
| |BlackBox name |Instances |
+-+--------------+----------+
+-+--------------+----------+

Report Cell Usage: 
+------+-------+------+
|      |Cell   |Count |
+------+-------+------+
|1     |BUFG   |     1|
|2     |CARRY4 |    17|
|3     |LUT1   |     2|
|4     |LUT2   |     3|
|5     |LUT3   |    11|
|6     |LUT4   |     9|
|7     |LUT5   |     5|
|8     |LUT6   |    33|
|9     |FDCE   |    31|
|10    |FDRE   |    41|
|11    |IBUF   |     3|
|12    |OBUF   |    17|
+------+-------+------+
---------------------------------------------------------------------------------
Finished Writing Synthesis Report : Time (s): cpu = 00:00:51 ; elapsed = 00:01:04 . Memory (MB): peak = 1427.246 ; gain = 596.867
---------------------------------------------------------------------------------
Synthesis finished with 0 errors, 0 critical warnings and 1 warnings.
Synthesis Optimization Runtime : Time (s): cpu = 00:00:38 ; elapsed = 00:01:00 . Memory (MB): peak = 1427.246 ; gain = 498.164
Synthesis Optimization Complete : Time (s): cpu = 00:00:52 ; elapsed = 00:01:05 . Memory (MB): peak = 1427.246 ; gain = 596.867
INFO: [Project 1-571] Translating synthesized netlist
Netlist sorting complete. Time (s): cpu = 00:00:00 ; elapsed = 00:00:00.002 . Memory (MB): peak = 1427.246 ; gain = 0.000
INFO: [Netlist 29-17] Analyzing 17 Unisim elements for replacement
INFO: [Netlist 29-28] Unisim Transformation completed in 0 CPU seconds
INFO: [Project 1-570] Preparing netlist for logic optimization
INFO: [Opt 31-138] Pushed 0 inverter(s) to 0 load pin(s).
Netlist sorting complete. Time (s): cpu = 00:00:00 ; elapsed = 00:00:00 . Memory (MB): peak = 1427.246 ; gain = 0.000
INFO: [Project 1-111] Unisim Transformation Summary:
No Unisim elements were transformed.

Synth Design complete, checksum: c1155739
INFO: [Common 17-83] Releasing license: Synthesis
32 Infos, 2 Warnings, 0 Critical Warnings and 0 Errors encountered.
synth_design completed successfully
synth_design: Time (s): cpu = 00:01:00 ; elapsed = 00:01:36 . Memory (MB): peak = 1427.246 ; gain = 1011.016
INFO: [Common 17-1381] The checkpoint 'D:/KULIAH/SEMESTER 4/Praktikum/SDL Kel 57_ Shift 08/Responsi_FSM_Moore/Responsi_FSM_Moore.runs/synth_1/top.dcp' has been generated.
INFO: [runtcl-4] Executing : report_utilization -file top_utilization_synth.rpt -pb top_utilization_synth.pb
INFO: [Common 17-206] Exiting Vivado at Thu May 28 10:45:50 2026...
